<?xml version="1.0" encoding="UTF-8" standalone="yes"?><!DOCTYPE report PUBLIC "-//JACOCO//DTD Report 1.1//EN" "report.dtd"><report name="COEN6761"><sessioninfo id="Vishnu-e7b98a51" start="1740103142932" dump="1740103144248"/><package name="TestingProject/COEN6761"><class name="TestingProject/COEN6761/source" sourcefilename="source.java"><method name="&lt;init&gt;" desc="(I)V" line="10"><counter type="INSTRUCTION" missed="0" covered="23"/><counter type="LINE" missed="0" covered="8"/><counter type="COMPLEXITY" missed="0" covered="1"/><counter type="METHOD" missed="0" covered="1"/></method><method name="penUp" desc="()V" line="21"><counter type="INSTRUCTION" missed="0" covered="15"/><counter type="LINE" missed="0" covered="3"/><counter type="COMPLEXITY" missed="0" covered="1"/><counter type="METHOD" missed="0" covered="1"/></method><method name="penDown" desc="()V" line="26"><counter type="INSTRUCTION" missed="0" covered="15"/><counter type="LINE" missed="0" covered="3"/><counter type="COMPLEXITY" missed="0" covered="1"/><counter type="METHOD" missed="0" covered="1"/></method><method name="isPenDown" desc="()Z" line="31"><counter type="INSTRUCTION" missed="0" covered="3"/><counter type="LINE" missed="0" covered="1"/><counter type="COMPLEXITY" missed="0" covered="1"/><counter type="METHOD" missed="0" covered="1"/></method><method name="turnRight" desc="()V" line="35"><counter type="INSTRUCTION" missed="0" covered="36"/><counter type="BRANCH" missed="1" covered="4"/><counter type="LINE" missed="0" covered="7"/><counter type="COMPLEXITY" missed="1" covered="4"/><counter type="METHOD" missed="0" covered="1"/></method><method name="turnLeft" desc="()V" line="45"><counter type="INSTRUCTION" missed="0" covered="36"/><counter type="BRANCH" missed="1" covered="4"/><counter type="LINE" missed="0" covered="7"/><counter type="COMPLEXITY" missed="1" covered="4"/><counter type="METHOD" missed="0" covered="1"/></method><method name="getDirection" desc="()Ljava/lang/String;" line="55"><counter type="INSTRUCTION" missed="0" covered="3"/><counter type="LINE" missed="0" covered="1"/><counter type="COMPLEXITY" missed="0" covered="1"/><counter type="METHOD" missed="0" covered="1"/></method><method name="moveForward" desc="(I)V" line="60"><counter type="INSTRUCTION" missed="0" covered="107"/><counter type="BRANCH" missed="1" covered="10"/><counter type="LINE" missed="0" covered="15"/><counter type="COMPLEXITY" missed="1" covered="7"/><counter type="METHOD" missed="0" covered="1"/></method><method name="getX" desc="()I" line="82"><counter type="INSTRUCTION" missed="0" covered="3"/><counter type="LINE" missed="0" covered="1"/><counter type="COMPLEXITY" missed="0" covered="1"/><counter type="METHOD" missed="0" covered="1"/></method><method name="getY" desc="()I" line="86"><counter type="INSTRUCTION" missed="0" covered="3"/><counter type="LINE" missed="0" covered="1"/><counter type="COMPLEXITY" missed="0" covered="1"/><counter type="METHOD" missed="0" covered="1"/></method><method name="printFloor" desc="()V" line="90"><counter type="INSTRUCTION" missed="0" covered="35"/><counter type="BRANCH" missed="0" covered="6"/><counter type="LINE" missed="0" covered="5"/><counter type="COMPLEXITY" missed="0" covered="4"/><counter type="METHOD" missed="0" covered="1"/></method><method name="printStatus" desc="()Ljava/lang/String;" line="99"><counter type="INSTRUCTION" missed="0" covered="59"/><counter type="BRANCH" missed="0" covered="4"/><counter type="LINE" missed="0" covered="2"/><counter type="COMPLEXITY" missed="0" covered="3"/><counter type="METHOD" missed="0" covered="1"/></method><method name="redoHistory" desc="()Ljava/lang/String;" line="105"><counter type="INSTRUCTION" missed="0" covered="7"/><counter type="LINE" missed="0" covered="2"/><counter type="COMPLEXITY" missed="0" covered="1"/><counter type="METHOD" missed="0" covered="1"/></method><method name="initializeArray" desc="(I)V" line="146"><counter type="INSTRUCTION" missed="0" covered="33"/><counter type="LINE" missed="0" covered="7"/><counter type="COMPLEXITY" missed="0" covered="1"/><counter type="METHOD" missed="0" covered="1"/></method><counter type="INSTRUCTION" missed="0" covered="378"/><counter type="BRANCH" missed="3" covered="28"/><counter type="LINE" missed="0" covered="63"/><counter type="COMPLEXITY" missed="3" covered="31"/><counter type="METHOD" missed="0" covered="14"/><counter type="CLASS" missed="0" covered="1"/></class><sourcefile name="source.java"><line nr="10" mi="0" ci="3" mb="0" cb="0"/><line nr="12" mi="0" ci="2" mb="0" cb="0"/><line nr="13" mi="0" ci="5" mb="0" cb="0"/><line nr="14" mi="0" ci="3" mb="0" cb="0"/><line nr="15" mi="0" ci="3" mb="0" cb="0"/><line nr="16" mi="0" ci="3" mb="0" cb="0"/><line nr="17" mi="0" ci="3" mb="0" cb="0"/><line nr="18" mi="0" ci="1" mb="0" cb="0"/><line nr="21" mi="0" ci="3" mb="0" cb="0"/><line nr="22" mi="0" ci="11" mb="0" cb="0"/><line nr="23" mi="0" ci="1" mb="0" cb="0"/><line nr="26" mi="0" ci="3" mb="0" cb="0"/><line nr="27" mi="0" ci="11" mb="0" cb="0"/><line nr="28" mi="0" ci="1" mb="0" cb="0"/><line nr="31" mi="0" ci="3" mb="0" cb="0"/><line nr="35" mi="0" ci="9" mb="1" cb="4"/><line nr="36" mi="0" ci="4" mb="0" cb="0"/><line nr="37" mi="0" ci="4" mb="0" cb="0"/><line nr="38" mi="0" ci="4" mb="0" cb="0"/><line nr="39" mi="0" ci="3" mb="0" cb="0"/><line nr="41" mi="0" ci="11" mb="0" cb="0"/><line nr="42" mi="0" ci="1" mb="0" cb="0"/><line nr="45" mi="0" ci="9" mb="1" cb="4"/><line nr="46" mi="0" ci="4" mb="0" cb="0"/><line nr="47" mi="0" ci="4" mb="0" cb="0"/><line nr="48" mi="0" ci="4" mb="0" cb="0"/><line nr="49" mi="0" ci="3" mb="0" cb="0"/><line nr="51" mi="0" ci="11" mb="0" cb="0"/><line nr="52" mi="0" ci="1" mb="0" cb="0"/><line nr="55" mi="0" ci="3" mb="0" cb="0"/><line nr="60" mi="0" ci="3" mb="0" cb="2"/><line nr="61" mi="0" ci="9" mb="0" cb="0"/><line nr="64" mi="0" ci="7" mb="0" cb="2"/><line nr="65" mi="0" ci="6" mb="0" cb="0"/><line nr="66" mi="0" ci="9" mb="1" cb="4"/><line nr="67" mi="0" ci="12" mb="0" cb="0"/><line nr="68" mi="0" ci="12" mb="0" cb="0"/><line nr="69" mi="0" ci="8" mb="0" cb="0"/><line nr="70" mi="0" ci="7" mb="0" cb="0"/><line nr="72" mi="0" ci="3" mb="0" cb="0"/><line nr="73" mi="0" ci="3" mb="0" cb="0"/><line nr="74" mi="0" ci="3" mb="0" cb="2"/><line nr="75" mi="0" ci="9" mb="0" cb="0"/><line nr="78" mi="0" ci="15" mb="0" cb="0"/><line nr="79" mi="0" ci="1" mb="0" cb="0"/><line nr="82" mi="0" ci="3" mb="0" cb="0"/><line nr="86" mi="0" ci="3" mb="0" cb="0"/><line nr="90" mi="0" ci="10" mb="0" cb="2"/><line nr="91" mi="0" ci="9" mb="0" cb="2"/><line nr="92" mi="0" ci="13" mb="0" cb="2"/><line nr="94" mi="0" ci="2" mb="0" cb="0"/><line nr="96" mi="0" ci="1" mb="0" cb="0"/><line nr="99" mi="0" ci="30" mb="0" cb="2"/><line nr="100" mi="0" ci="29" mb="0" cb="2"/><line nr="105" mi="0" ci="4" mb="0" cb="0"/><line nr="106" mi="0" ci="3" mb="0" cb="0"/><line nr="146" mi="0" ci="5" mb="0" cb="0"/><line nr="147" mi="0" ci="3" mb="0" cb="0"/><line nr="148" mi="0" ci="3" mb="0" cb="0"/><line nr="149" mi="0" ci="3" mb="0" cb="0"/><line nr="150" mi="0" ci="3" mb="0" cb="0"/><line nr="151" mi="0" ci="15" mb="0" cb="0"/><line nr="152" mi="0" ci="1" mb="0" cb="0"/><counter type="INSTRUCTION" missed="0" covered="378"/><counter type="BRANCH" missed="3" covered="28"/><counter type="LINE" missed="0" covered="63"/><counter type="COMPLEXITY" missed="3" covered="31"/><counter type="METHOD" missed="0" covered="14"/><counter type="CLASS" missed="0" covered="1"/></sourcefile><counter type="INSTRUCTION" missed="0" covered="378"/><counter type="BRANCH" missed="3" covered="28"/><counter type="LINE" missed="0" covered="63"/><counter type="COMPLEXITY" missed="3" covered="31"/><counter type="METHOD" missed="0" covered="14"/><counter type="CLASS" missed="0" covered="1"/></package><counter type="INSTRUCTION" missed="0" covered="378"/><counter type="BRANCH" missed="3" covered="28"/><counter type="LINE" missed="0" covered="63"/><counter type="COMPLEXITY" missed="3" covered="31"/><counter type="METHOD" missed="0" covered="14"/><counter type="CLASS" missed="0" covered="1"/></report>