<?xml version="1.0" encoding="UTF-8"?>
<testsuite xmlns:xsi="http://www.w3.org/2001/XMLSchema-instance" xsi:noNamespaceSchemaLocation="https://maven.apache.org/surefire/maven-surefire-plugin/xsd/surefire-test-report.xsd" version="3.0.2" name="TestingProject.COEN6761.SourceTest" time="0.17" tests="14" errors="0" skipped="0" failures="0">
  <properties>
[...]
</properties>
  <testcase name="testPenUp" classname="TestingProject.COEN6761.SourceTest" time="0.059"/>
  <testcase name="testPenDown" classname="TestingProject.COEN6761.SourceTest" time="0.005"/>
  <testcase name="testMoveForwardOutOfBounds" classname="TestingProject.COEN6761.SourceTest" time="0.004"/>
  <testcase name="testPrintStatus" classname="TestingProject.COEN6761.SourceTest" time="0.006">
    <system-out><![CDATA[Position: 1, 0 - Pen: down - Facing: E
]]></system-out>
  </testcase>
  <testcase name="testPrintFloor" classname="TestingProject.COEN6761.SourceTest" time="0.003"/>
  <testcase name="testMoveForwardEast" classname="TestingProject.COEN6761.SourceTest" time="0.001"/>
  <testcase name="testMoveForwardWest" classname="TestingProject.COEN6761.SourceTest" time="0.002"/>
  <testcase name="testMoveForwardNorth" classname="TestingProject.COEN6761.SourceTest" time="0.001"/>
  <testcase name="testMoveForwardSouth" classname="TestingProject.COEN6761.SourceTest" time="0.001"/>
  <testcase name="testInitialize" classname="TestingProject.COEN6761.SourceTest" time="0.002"/>
  <testcase name="testMotionWhenPenUp" classname="TestingProject.COEN6761.SourceTest" time="0.003"/>
  <testcase name="testTurnRight" classname="TestingProject.COEN6761.SourceTest" time="0.0"/>
  <testcase name="testHistory" classname="TestingProject.COEN6761.SourceTest" time="0.002"/>
  <testcase name="testTurnLeft" classname="TestingProject.COEN6761.SourceTest" time="0.002"/>
</testsuite>